\BOOKMARK [1][-]{section.1}{Introduction}{}% 1
\BOOKMARK [2][-]{subsection.1.1}{Sujet du stage}{section.1}% 2
\BOOKMARK [2][-]{subsection.1.2}{Le contexte du stage}{section.1}% 3
\BOOKMARK [1][-]{section.2}{D\351roulement du stage}{}% 4
\BOOKMARK [2][-]{subsection.2.1}{premi\350re semaine}{section.2}% 5
\BOOKMARK [3][-]{subsubsection.2.1.1}{Les classes abstraites et les interfaces}{subsection.2.1}% 6
\BOOKMARK [3][-]{subsubsection.2.1.2}{Les exceptions}{subsection.2.1}% 7
\BOOKMARK [3][-]{subsubsection.2.1.3}{Les varargs}{subsection.2.1}% 8
\BOOKMARK [2][-]{subsection.2.2}{Deuxi\350me semaine}{section.2}% 9
\BOOKMARK [3][-]{subsubsection.2.2.1}{Les collection}{subsection.2.2}% 10
\BOOKMARK [3][-]{subsubsection.2.2.2}{La g\351n\351ricit\351}{subsection.2.2}% 11
\BOOKMARK [3][-]{subsubsection.2.2.3}{Git}{subsection.2.2}% 12
\BOOKMARK [2][-]{subsection.2.3}{Troisi\350me semaine}{section.2}% 13
\BOOKMARK [3][-]{subsubsection.2.3.1}{Diagramme UML}{subsection.2.3}% 14
\BOOKMARK [3][-]{subsubsection.2.3.2}{Classe interne, locale et anonyme}{subsection.2.3}% 15
\BOOKMARK [3][-]{subsubsection.2.3.3}{Corretion des warnings}{subsection.2.3}% 16
\BOOKMARK [2][-]{subsection.2.4}{Quatri\350me semaine}{section.2}% 17
\BOOKMARK [3][-]{subsubsection.2.4.1}{Optimisation du code}{subsection.2.4}% 18
\BOOKMARK [3][-]{subsubsection.2.4.2}{Lambda expression}{subsection.2.4}% 19
\BOOKMARK [3][-]{subsubsection.2.4.3}{Ent\352te et licence}{subsection.2.4}% 20
\BOOKMARK [1][-]{section.3}{Bilan du stage}{}% 21
\BOOKMARK [1][-]{section.4}{R\351f\351rence}{}% 22
